# JRE version: OpenJDK Runtime Environment (8.0_242-b08) (build 1.8.0_242-8u242-b08-0ubuntu3~18.04-b08)
# Java VM: OpenJDK 64-Bit Server VM (25.242-b08 mixed mode linux-amd64 compressed oops)
Heap:
 PSYoungGen      total 55808K, used 40346K [0x0000000782100000, 0x0000000786f00000, 0x00000007c0000000)
  eden space 48128K, 67% used [0x0000000782100000,0x00000007840eb298,0x0000000785000000)
  from space 7680K, 99% used [0x0000000785000000,0x000000078577b5a8,0x0000000785780000)
  to   space 7680K, 0% used [0x0000000786780000,0x0000000786780000,0x0000000786f00000)
 ParOldGen       total 90624K, used 9714K [0x0000000706200000, 0x000000070ba80000, 0x0000000782100000)
  object space 90624K, 10% used [0x0000000706200000,0x0000000706b7c920,0x000000070ba80000)
 Metaspace       used 33556K, capacity 34772K, committed 34944K, reserved 1079296K
  class space    used 4393K, capacity 4674K, committed 4736K, reserved 1048576K
GC Heap History (8 events):
Event: 0.844 GC heap before
{Heap before GC invocations=1 (full 0):
 PSYoungGen      total 55808K, used 48128K [0x0000000782100000, 0x0000000785f00000, 0x00000007c0000000)
  eden space 48128K, 100% used [0x0000000782100000,0x0000000785000000,0x0000000785000000)
  from space 7680K, 0% used [0x0000000785780000,0x0000000785780000,0x0000000785f00000)
  to   space 7680K, 0% used [0x0000000785000000,0x0000000785000000,0x0000000785780000)
 ParOldGen       total 126976K, used 0K [0x0000000706200000, 0x000000070de00000, 0x0000000782100000)
  object space 126976K, 0% used [0x0000000706200000,0x0000000706200000,0x000000070de00000)
 Metaspace       used 15895K, capacity 16274K, committed 16512K, reserved 1062912K
  class space    used 1986K, capacity 2101K, committed 2176K, reserved 1048576K
Event: 0.851 GC heap after
Heap after GC invocations=1 (full 0):
 PSYoungGen      total 55808K, used 7672K [0x0000000782100000, 0x0000000785f00000, 0x00000007c0000000)
  eden space 48128K, 0% used [0x0000000782100000,0x0000000782100000,0x0000000785000000)
  from space 7680K, 99% used [0x0000000785000000,0x000000078577e040,0x0000000785780000)
  to   space 7680K, 0% used [0x0000000785780000,0x0000000785780000,0x0000000785f00000)
 ParOldGen       total 126976K, used 2407K [0x0000000706200000, 0x000000070de00000, 0x0000000782100000)
  object space 126976K, 1% used [0x0000000706200000,0x0000000706459d28,0x000000070de00000)
 Metaspace       used 15895K, capacity 16274K, committed 16512K, reserved 1062912K
  class space    used 1986K, capacity 2101K, committed 2176K, reserved 1048576K
}
Event: 1.305 GC heap before
{Heap before GC invocations=2 (full 0):
 PSYoungGen      total 55808K, used 42753K [0x0000000782100000, 0x0000000785f00000, 0x00000007c0000000)
  eden space 48128K, 72% used [0x0000000782100000,0x0000000784342588,0x0000000785000000)
  from space 7680K, 99% used [0x0000000785000000,0x000000078577e040,0x0000000785780000)
  to   space 7680K, 0% used [0x0000000785780000,0x0000000785780000,0x0000000785f00000)
 ParOldGen       total 126976K, used 2407K [0x0000000706200000, 0x000000070de00000, 0x0000000782100000)
  object space 126976K, 1% used [0x0000000706200000,0x0000000706459d28,0x000000070de00000)
 Metaspace       used 20584K, capacity 21142K, committed 21248K, reserved 1067008K
  class space    used 2583K, capacity 2731K, committed 2816K, reserved 1048576K
Event: 1.311 GC heap after
Heap after GC invocations=2 (full 0):
 PSYoungGen      total 55808K, used 7679K [0x0000000782100000, 0x0000000788e00000, 0x00000007c0000000)
  eden space 48128K, 0% used [0x0000000782100000,0x0000000782100000,0x0000000785000000)
  from space 7680K, 99% used [0x0000000785780000,0x0000000785effd78,0x0000000785f00000)
  to   space 7680K, 0% used [0x0000000785000000,0x0000000785000000,0x0000000785780000)
 ParOldGen       total 126976K, used 2523K [0x0000000706200000, 0x000000070de00000, 0x0000000782100000)
  object space 126976K, 1% used [0x0000000706200000,0x0000000706476cd0,0x000000070de00000)
 Metaspace       used 20584K, capacity 21142K, committed 21248K, reserved 1067008K
  class space    used 2583K, capacity 2731K, committed 2816K, reserved 1048576K
}
Event: 1.311 GC heap before
{Heap before GC invocations=3 (full 1):
 PSYoungGen      total 55808K, used 7679K [0x0000000782100000, 0x0000000788e00000, 0x00000007c0000000)
  eden space 48128K, 0% used [0x0000000782100000,0x0000000782100000,0x0000000785000000)
  from space 7680K, 99% used [0x0000000785780000,0x0000000785effd78,0x0000000785f00000)
  to   space 7680K, 0% used [0x0000000785000000,0x0000000785000000,0x0000000785780000)
 ParOldGen       total 126976K, used 2523K [0x0000000706200000, 0x000000070de00000, 0x0000000782100000)
  object space 126976K, 1% used [0x0000000706200000,0x0000000706476cd0,0x000000070de00000)
 Metaspace       used 20584K, capacity 21142K, committed 21248K, reserved 1067008K
  class space    used 2583K, capacity 2731K, committed 2816K, reserved 1048576K
Event: 1.339 GC heap after
Heap after GC invocations=3 (full 1):
 PSYoungGen      total 55808K, used 0K [0x0000000782100000, 0x0000000788e00000, 0x00000007c0000000)
  eden space 48128K, 0% used [0x0000000782100000,0x0000000782100000,0x0000000785000000)
  from space 7680K, 0% used [0x0000000785780000,0x0000000785780000,0x0000000785f00000)
  to   space 7680K, 0% used [0x0000000785000000,0x0000000785000000,0x0000000785780000)
 ParOldGen       total 90624K, used 7503K [0x0000000706200000, 0x000000070ba80000, 0x0000000782100000)
  object space 90624K, 8% used [0x0000000706200000,0x0000000706953f08,0x000000070ba80000)
 Metaspace       used 20584K, capacity 21142K, committed 21248K, reserved 1067008K
  class space    used 2583K, capacity 2731K, committed 2816K, reserved 1048576K
}
Event: 2.000 GC heap before
{Heap before GC invocations=4 (full 1):
 PSYoungGen      total 55808K, used 48128K [0x0000000782100000, 0x0000000788e00000, 0x00000007c0000000)
  eden space 48128K, 100% used [0x0000000782100000,0x0000000785000000,0x0000000785000000)
  from space 7680K, 0% used [0x0000000785780000,0x0000000785780000,0x0000000785f00000)
  to   space 7680K, 0% used [0x0000000785000000,0x0000000785000000,0x0000000785780000)
 ParOldGen       total 90624K, used 7503K [0x0000000706200000, 0x000000070ba80000, 0x0000000782100000)
  object space 90624K, 8% used [0x0000000706200000,0x0000000706953f08,0x000000070ba80000)
 Metaspace       used 29618K, capacity 30600K, committed 30720K, reserved 1075200K
  class space    used 3856K, capacity 4084K, committed 4096K, reserved 1048576K
Event: 2.007 GC heap after
Heap after GC invocations=4 (full 1):
 PSYoungGen      total 55808K, used 7661K [0x0000000782100000, 0x0000000786f00000, 0x00000007c0000000)
  eden space 48128K, 0% used [0x0000000782100000,0x0000000782100000,0x0000000785000000)
  from space 7680K, 99% used [0x0000000785000000,0x000000078577b5a8,0x0000000785780000)
  to   space 7680K, 0% used [0x0000000786780000,0x0000000786780000,0x0000000786f00000)
 ParOldGen       total 90624K, used 9714K [0x0000000706200000, 0x000000070ba80000, 0x0000000782100000)
  object space 90624K, 10% used [0x0000000706200000,0x0000000706b7c920,0x000000070ba80000)
 Metaspace       used 29618K, capacity 30600K, committed 30720K, reserved 1075200K
  class space    used 3856K, capacity 4084K, committed 4096K, reserved 1048576K
}

